[    0.000000] Initializing cgroup subsys cpuset
[    0.000000] Initializing cgroup subsys cpu
[    0.000000] Initializing cgroup subsys cpuacct
[    0.000000] Linux version 4.4.0-146-generic (buildd@lcy01-amd64-025) (gcc version 5.4.0 20160609 (Ubuntu 5.4.0-6ubuntu1~16.04.10) ) #172-Ubuntu SMP Wed Apr 3 09:00:08 UTC 2019 (Ubuntu 4.4.0-146.172-generic 4.4.177)
[    0.000000] Command line: BOOT_IMAGE=/boot/vmlinuz-4.4.0-146-generic root=LABEL=cloudimg-rootfs ro console=tty1 console=ttyS0
[    0.000000] KERNEL supported cpus:
[    0.000000]   Intel GenuineIntel
[    0.000000]   AMD AuthenticAMD
[    0.000000]   Centaur CentaurHauls
[    0.000000] x86/fpu: xstate_offset[2]:  576, xstate_sizes[2]:  256
[    0.000000] x86/fpu: Supporting XSAVE feature 0x01: 'x87 floating point registers'
[    0.000000] x86/fpu: Supporting XSAVE feature 0x02: 'SSE registers'
[    0.000000] x86/fpu: Supporting XSAVE feature 0x04: 'AVX registers'
[    0.000000] x86/fpu: Enabled xstate features 0x7, context size is 832 bytes, using 'standard' format.
[    0.000000] e820: BIOS-provided physical RAM map:
[    0.000000] BIOS-e820: [mem 0x0000000000000000-0x000000000009fbff] usable
[    0.000000] BIOS-e820: [mem 0x000000000009fc00-0x000000000009ffff] reserved
[    0.000000] BIOS-e820: [mem 0x00000000000f0000-0x00000000000fffff] reserved
[    0.000000] BIOS-e820: [mem 0x0000000000100000-0x000000003ffeffff] usable
[    0.000000] BIOS-e820: [mem 0x000000003fff0000-0x000000003fffffff] ACPI data
[    0.000000] BIOS-e820: [mem 0x00000000fec00000-0x00000000fec00fff] reserved
[    0.000000] BIOS-e820: [mem 0x00000000fee00000-0x00000000fee00fff] reserved
[    0.000000] BIOS-e820: [mem 0x00000000fffc0000-0x00000000ffffffff] reserved
[    0.000000] NX (Execute Disable) protection: active
[    0.000000] SMBIOS 2.5 present.
[    0.000000] Hypervisor detected: KVM
[    0.000000] e820: last_pfn = 0x3fff0 max_arch_pfn = 0x400000000
[    0.000000] MTRR: Disabled
[    0.000000] x86/PAT: MTRRs disabled, skipping PAT initialization too.
[    0.000000] CPU MTRRs all blank - virtualized system.
[    0.000000] x86/PAT: Configuration [0-7]: WB  WT  UC- UC  WB  WT  UC- UC  
[    0.000000] found SMP MP-table at [mem 0x0009fff0-0x0009ffff] mapped at [ffff88000009fff0]
[    0.000000] Scanning 1 areas for low memory corruption
[    0.000000] RAMDISK: [mem 0x362fa000-0x37174fff]
[    0.000000] ACPI: Early table checksum verification disabled
[    0.000000] ACPI: RSDP 0x00000000000E0000 000024 (v02 VBOX  )
[    0.000000] ACPI: XSDT 0x000000003FFF0030 00003C (v01 VBOX   VBOXXSDT 00000001 ASL  00000061)
[    0.000000] ACPI: FACP 0x000000003FFF00F0 0000F4 (v04 VBOX   VBOXFACP 00000001 ASL  00000061)
[    0.000000] ACPI: DSDT 0x000000003FFF0470 0022EA (v02 VBOX   VBOXBIOS 00000002 INTL 20100528)
[    0.000000] ACPI: FACS 0x000000003FFF0200 000040
[    0.000000] ACPI: FACS 0x000000003FFF0200 000040
[    0.000000] ACPI: APIC 0x000000003FFF0240 00005C (v02 VBOX   VBOXAPIC 00000001 ASL  00000061)
[    0.000000] ACPI: SSDT 0x000000003FFF02A0 0001CC (v01 VBOX   VBOXCPUT 00000002 INTL 20100528)
[    0.000000] No NUMA configuration found
[    0.000000] Faking a node at [mem 0x0000000000000000-0x000000003ffeffff]
[    0.000000] NODE_DATA(0) allocated [mem 0x3ffeb000-0x3ffeffff]
[    0.000000] kvm-clock: Using msrs 4b564d01 and 4b564d00
[    0.000000] kvm-clock: cpu 0, msr 0:3ffe3001, primary cpu clock
[    0.000000] kvm-clock: using sched offset of 3939185223 cycles
[    0.000000] clocksource: kvm-clock: mask: 0xffffffffffffffff max_cycles: 0x1cd42e4dffb, max_idle_ns: 881590591483 ns
[    0.000000] Zone ranges:
[    0.000000]   DMA      [mem 0x0000000000001000-0x0000000000ffffff]
[    0.000000]   DMA32    [mem 0x0000000001000000-0x000000003ffeffff]
[    0.000000]   Normal   empty
[    0.000000]   Device   empty
[    0.000000] Movable zone start for each node
[    0.000000] Early memory node ranges
[    0.000000]   node   0: [mem 0x0000000000001000-0x000000000009efff]
[    0.000000]   node   0: [mem 0x0000000000100000-0x000000003ffeffff]
[    0.000000] Initmem setup node 0 [mem 0x0000000000001000-0x000000003ffeffff]
[    0.000000] ACPI: PM-Timer IO Port: 0x4008
[    0.000000] IOAPIC[0]: apic_id 2, version 32, address 0xfec00000, GSI 0-23
[    0.000000] ACPI: INT_SRC_OVR (bus 0 bus_irq 0 global_irq 2 dfl dfl)
[    0.000000] ACPI: INT_SRC_OVR (bus 0 bus_irq 9 global_irq 9 low level)
[    0.000000] Using ACPI (MADT) for SMP configuration information
[    0.000000] smpboot: Allowing 2 CPUs, 0 hotplug CPUs
[    0.000000] PM: Registered nosave memory: [mem 0x00000000-0x00000fff]
[    0.000000] PM: Registered nosave memory: [mem 0x0009f000-0x0009ffff]
[    0.000000] PM: Registered nosave memory: [mem 0x000a0000-0x000effff]
[    0.000000] PM: Registered nosave memory: [mem 0x000f0000-0x000fffff]
[    0.000000] e820: [mem 0x40000000-0xfebfffff] available for PCI devices
[    0.000000] Booting paravirtualized kernel on KVM
[    0.000000] clocksource: refined-jiffies: mask: 0xffffffff max_cycles: 0xffffffff, max_idle_ns: 7645519600211568 ns
[    0.000000] setup_percpu: NR_CPUS:512 nr_cpumask_bits:512 nr_cpu_ids:2 nr_node_ids:1
[    0.000000] PERCPU: Embedded 34 pages/cpu @ffff88003fc00000 s99480 r8192 d31592 u1048576
[    0.000000] Built 1 zonelists in Node order, mobility grouping on.  Total pages: 257912
[    0.000000] Policy zone: DMA32
[    0.000000] Kernel command line: BOOT_IMAGE=/boot/vmlinuz-4.4.0-146-generic root=LABEL=cloudimg-rootfs ro console=tty1 console=ttyS0
[    0.000000] PID hash table entries: 4096 (order: 3, 32768 bytes)
[    0.000000] Memory: 997732K/1048120K available (8609K kernel code, 1334K rwdata, 4028K rodata, 1484K init, 1284K bss, 50388K reserved, 0K cma-reserved)
[    0.000000] SLUB: HWalign=64, Order=0-3, MinObjects=0, CPUs=2, Nodes=1
[    0.000000] Kernel/User page tables isolation: enabled
[    0.000000] Hierarchical RCU implementation.
[    0.000000] 	Build-time adjustment of leaf fanout to 64.
[    0.000000] 	RCU restricting CPUs from NR_CPUS=512 to nr_cpu_ids=2.
[    0.000000] RCU: Adjusting geometry for rcu_fanout_leaf=64, nr_cpu_ids=2
[    0.000000] NR_IRQS:33024 nr_irqs:440 16
[    0.000000] Console: colour VGA+ 80x25
[    0.000000] console [tty1] enabled
[    0.000000] console [ttyS0] enabled
[    0.000000] tsc: Detected 1599.999 MHz processor
[    0.289677] Calibrating delay loop (skipped) preset value.. 3199.99 BogoMIPS (lpj=6399996)
[    0.293789] pid_max: default: 32768 minimum: 301
[    0.295975] ACPI: Core revision 20150930
[    0.298862] ACPI: 2 ACPI AML tables successfully acquired and loaded
[    0.302386] Security Framework initialized
[    0.303853] Yama: becoming mindful.
[    0.305192] AppArmor: AppArmor initialized
[    0.306790] Dentry cache hash table entries: 131072 (order: 8, 1048576 bytes)
[    0.312375] Inode-cache hash table entries: 65536 (order: 7, 524288 bytes)
[    0.315579] Mount-cache hash table entries: 2048 (order: 2, 16384 bytes)
[    0.318730] Mountpoint-cache hash table entries: 2048 (order: 2, 16384 bytes)
[    0.322222] Initializing cgroup subsys io
[    0.324189] Initializing cgroup subsys memory
[    0.326276] Initializing cgroup subsys devices
[    0.328427] Initializing cgroup subsys freezer
[    0.330497] Initializing cgroup subsys net_cls
[    0.332608] Initializing cgroup subsys perf_event
[    0.334919] Initializing cgroup subsys net_prio
[    0.337186] Initializing cgroup subsys hugetlb
[    0.339426] Initializing cgroup subsys pids
[    0.342538] mce: CPU supports 0 MCE banks
[    0.344526] Last level iTLB entries: 4KB 64, 2MB 8, 4MB 8
[    0.347114] Last level dTLB entries: 4KB 64, 2MB 0, 4MB 0, 1GB 4
[    0.350232] Spectre V2 : Mitigation: Full generic retpoline
[    0.352908] Spectre V2 : Spectre v2 / SpectreRSB mitigation: Filling RSB on context switch
[    0.359559] Speculative Store Bypass: Vulnerable
[    0.370362] Freeing SMP alternatives memory: 36K
[    0.379690] ftrace: allocating 32287 entries in 127 pages
[    0.460387] smpboot: APIC(0) Converting physical 0 to logical package 0
[    0.463455] smpboot: Max logical packages: 1
[    0.465867] x2apic enabled
[    0.467644] Switched APIC routing to physical x2apic.
[    0.471664] ..TIMER: vector=0x30 apic1=0 pin1=2 apic2=-1 pin2=-1
[    0.580611] smpboot: CPU0: Intel(R) Core(TM) i5-5250U CPU @ 1.60GHz (family: 0x6, model: 0x3d, stepping: 0x4)
[    0.585531] Performance Events: unsupported p6 CPU model 61 no PMU driver, software events only.
[    0.602906] KVM setup paravirtual spinlock
[    0.606116] x86: Booting SMP configuration:
[    0.608573] .... node  #0, CPUs:      #1
[    0.610513] kvm-clock: cpu 1, msr 0:3ffe3041, secondary cpu clock
[    0.613951] mce: CPU supports 0 MCE banks
[    0.617612] x86: Booted up 1 node, 2 CPUs
[    0.620739] smpboot: Total of 2 processors activated (6399.99 BogoMIPS)
[    0.624543] devtmpfs: initialized
[    0.627381] evm: security.selinux
[    0.628943] evm: security.SMACK64
[    0.630271] evm: security.SMACK64EXEC
[    0.631600] evm: security.SMACK64TRANSMUTE
[    0.633371] evm: security.SMACK64MMAP
[    0.635017] evm: security.ima
[    0.636893] evm: security.capability
[    0.639055] clocksource: jiffies: mask: 0xffffffff max_cycles: 0xffffffff, max_idle_ns: 7645041785100000 ns
[    0.642623] futex hash table entries: 512 (order: 3, 32768 bytes)
[    0.644855] pinctrl core: initialized pinctrl subsystem
[    0.646843] RTC time: 14:47:55, date: 06/03/19
[    0.648882] NET: Registered protocol family 16
[    0.661338] cpuidle: using governor ladder
[    0.677998] cpuidle: using governor menu
[    0.681226] PCCT header not found.
[    0.683755] ACPI: bus type PCI registered
[    0.686554] acpiphp: ACPI Hot Plug PCI Controller Driver version: 0.5
[    0.689814] PCI: Using configuration type 1 for base access
[    0.707930] ACPI: Added _OSI(Module Device)
[    0.711153] ACPI: Added _OSI(Processor Device)
[    0.713707] ACPI: Added _OSI(3.0 _SCP Extensions)
[    0.715904] ACPI: Added _OSI(Processor Aggregator Device)
[    0.719797] ACPI: Executed 1 blocks of module-level executable AML code
[    0.725770] ACPI: Interpreter enabled
[    0.727573] ACPI: (supports S0 S5)
[    0.729359] ACPI: Using IOAPIC for interrupt routing
[    0.731826] PCI: Using host bridge windows from ACPI; if necessary, use "pci=nocrs" and report a bug
[    0.741673] ACPI: PCI Root Bridge [PCI0] (domain 0000 [bus 00-ff])
[    0.744406] acpi PNP0A03:00: _OSC: OS supports [ASPM ClockPM Segments MSI]
[    0.747925] acpi PNP0A03:00: _OSC: not requesting OS control; OS requires [ExtendedConfig ASPM ClockPM MSI]
[    0.752541] acpi PNP0A03:00: fail to add MMCONFIG information, can't access extended PCI configuration space under this bridge.
[    0.758415] PCI host bridge to bus 0000:00
[    0.760357] pci_bus 0000:00: root bus resource [io  0x0000-0x0cf7 window]
[    0.763488] pci_bus 0000:00: root bus resource [io  0x0d00-0xffff window]
[    0.766682] pci_bus 0000:00: root bus resource [mem 0x000a0000-0x000bffff window]
[    0.771346] pci_bus 0000:00: root bus resource [mem 0x40000000-0xfdffffff window]
[    0.774937] pci_bus 0000:00: root bus resource [bus 00-ff]
[    0.781792] pci 0000:00:01.1: legacy IDE quirk: reg 0x10: [io  0x01f0-0x01f7]
[    0.785138] pci 0000:00:01.1: legacy IDE quirk: reg 0x14: [io  0x03f6]
[    0.788116] pci 0000:00:01.1: legacy IDE quirk: reg 0x18: [io  0x0170-0x0177]
[    0.791387] pci 0000:00:01.1: legacy IDE quirk: reg 0x1c: [io  0x0376]
[    0.820915] pci 0000:00:07.0: quirk: [io  0x4000-0x403f] claimed by PIIX4 ACPI
[    0.823527] pci 0000:00:07.0: quirk: [io  0x4100-0x410f] claimed by PIIX4 SMB
[    0.857026] ACPI: PCI Interrupt Link [LNKA] (IRQs 5 9 10 *11)
[    0.860420] ACPI: PCI Interrupt Link [LNKB] (IRQs 5 9 *10 11)
[    0.863648] ACPI: PCI Interrupt Link [LNKC] (IRQs 5 *9 10 11)
[    0.866921] ACPI: PCI Interrupt Link [LNKD] (IRQs 5 9 10 *11)
[    0.871007] ACPI: Enabled 2 GPEs in block 00 to 07
[    0.873794] vgaarb: setting as boot device: PCI:0000:00:02.0
[    0.876397] vgaarb: device added: PCI:0000:00:02.0,decodes=io+mem,owns=io+mem,locks=none
[    0.880375] vgaarb: loaded
[    0.881839] vgaarb: bridge control possible 0000:00:02.0
[    0.884634] SCSI subsystem initialized
[    0.886317] ACPI: bus type USB registered
[    0.887777] usbcore: registered new interface driver usbfs
[    0.889748] usbcore: registered new interface driver hub
[    0.891565] usbcore: registered new device driver usb
[    0.893803] PCI: Using ACPI for IRQ routing
[    0.896338] NetLabel: Initializing
[    0.898225] NetLabel:  domain hash size = 128
[    0.900473] NetLabel:  protocols = UNLABELED CIPSOv4
[    0.906025] NetLabel:  unlabeled traffic allowed by default
[    0.909548] amd_nb: Cannot enumerate AMD northbridges
[    0.912551] clocksource: Switched to clocksource kvm-clock
[    0.930144] AppArmor: AppArmor Filesystem Enabled
[    0.933032] pnp: PnP ACPI init
[    0.937680] pnp: PnP ACPI: found 3 devices
[    0.953160] clocksource: acpi_pm: mask: 0xffffff max_cycles: 0xffffff, max_idle_ns: 2085701024 ns
[    0.958383] NET: Registered protocol family 2
[    0.962208] TCP established hash table entries: 8192 (order: 4, 65536 bytes)
[    0.969049] TCP bind hash table entries: 8192 (order: 5, 131072 bytes)
[    0.978279] TCP: Hash tables configured (established 8192 bind 8192)
[    0.986227] UDP hash table entries: 512 (order: 2, 16384 bytes)
[    0.993137] UDP-Lite hash table entries: 512 (order: 2, 16384 bytes)
[    1.001342] NET: Registered protocol family 1
[    1.005874] pci 0000:00:00.0: Limiting direct PCI/PCI transfers
[    1.012641] pci 0000:00:01.0: Activating ISA DMA hang workarounds
[    1.021831] Unpacking initramfs...
[    1.500232] Freeing initrd memory: 14828K
[    1.502782] RAPL PMU detected, API unit is 2^-32 Joules, 4 fixed counters 10737418240 ms ovfl timer
[    1.509350] hw unit of domain pp0-core 2^-0 Joules
[    1.511554] hw unit of domain package 2^-0 Joules
[    1.513730] hw unit of domain dram 2^-0 Joules
[    1.515795] hw unit of domain pp1-gpu 2^-0 Joules
[    1.519920] platform rtc_cmos: registered platform RTC device (no PNP device found)
[    1.523398] Scanning for low memory corruption every 60 seconds
[    1.529394] audit: initializing netlink subsys (disabled)
[    1.534271] audit: type=2000 audit(1559573281.207:1): initialized
[    1.537565] Initialise system trusted keyring
[    1.539886] HugeTLB registered 2 MB page size, pre-allocated 0 pages
[    1.546070] zbud: loaded
[    1.551793] VFS: Disk quotas dquot_6.6.0
[    1.553935] VFS: Dquot-cache hash table entries: 512 (order 0, 4096 bytes)
[    1.558468] squashfs: version 4.0 (2009/01/31) Phillip Lougher
[    1.561697] fuse init (API version 7.23)
[    1.563716] Key type big_key registered
[    1.565637] Allocating IMA MOK and blacklist keyrings.
[    1.570425] Key type asymmetric registered
[    1.572750] Asymmetric key parser 'x509' registered
[    1.574616] Block layer SCSI generic (bsg) driver version 0.4 loaded (major 249)
[    1.577425] io scheduler noop registered
[    1.579358] io scheduler deadline registered (default)
[    1.581909] io scheduler cfq registered
[    1.583857] pci_hotplug: PCI Hot Plug PCI Core version: 0.5
[    1.586485] pciehp: PCI Express Hot Plug Controller Driver version: 0.4
[    1.595742] ACPI: AC Adapter [AC] (off-line)
[    1.605814] input: Power Button as /devices/LNXSYSTM:00/LNXPWRBN:00/input/input0
[    1.616005] ACPI: Power Button [PWRF]
[    1.618046] input: Sleep Button as /devices/LNXSYSTM:00/LNXSLPBN:00/input/input1
[    1.623044] ACPI: Sleep Button [SLPF]
[    1.626584] ACPI: Battery Slot [BAT0] (battery present)
[    1.631001] GHES: HEST is not enabled!
[    1.633132] Serial: 8250/16550 driver, 32 ports, IRQ sharing enabled
[    1.65713] 00:02: ttyS0 at I/O 0x3f8 (irq = 4, base_baud = 115200) is a 16550A
[    1.670851] Linux agpgart interface v0.103
[    1.677054] loop: module loaded
[    1.679374] scsi host0: ata_piix
[    1.680914] scsi host1: ata_piix
[    1.682226] ata1: PATA max UDMA/33 cmd 0x1f0 ctl 0x3f6 bmdma 0xd000 irq 14
[    1.684647] ata2: PATA max UDMA/33 cmd 0x170 ctl 0x376 bmdma 0xd008 irq 15
[    1.687766] libphy: Fixed MDIO Bus: probed
[    1.690498] tun: Universal TUN/TAP device driver, 1.6
[    1.692923] tun: (C) 1999-2004 Max Krasnyansky <maxk@qualcomm.com>
[    1.695266] PPP generic driver version 2.4.2
[    1.696854] ehci_hcd: USB 2.0 'Enhanced' Host Controller (EHCI) Driver
[    1.699063] ehci-pci: EHCI PCI platform driver
[    1.701321] ehci-platform: EHCI generic platform driver
[    1.703105] ohci_hcd: USB 1.1 'Open' Host Controller (OHCI) Driver
[    1.706185] ohci-pci: OHCI PCI platform driver
[    1.708131] ohci-platform: OHCI generic platform driver
[    1.710278] uhci_hcd: USB Universal Host Controller Interface driver
[    1.712688] i8042: PNP: PS/2 Controller [PNP0303:PS2K,PNP0f03:PS2M] at 0x60,0x64 irq 1,12
[    1.716183] serio: i8042 KBD port at 0x60,0x64 irq 1
[    1.718704] serio: i8042 AUX port at 0x60,0x64 irq 12
[    1.721289] mousedev: PS/2 mouse device common for all mice
[    1.723949] rtc_cmos rtc_cmos: rtc core: registered rtc_cmos as rtc0
[    1.726840] input: AT Translated Set 2 keyboard as /devices/platform/i8042/serio0/input/input2
[    1.730660] rtc_cmos rtc_cmos: alarms up to one day, 114 bytes nvram
[    1.733513] i2c /dev entries driver
[    1.735112] device-mapper: uevent: version 1.0.3
[    1.737342] device-mapper: ioctl: 4.34.0-ioctl (2015-10-28) initialised: dm-devel@redhat.com
[    1.741404] ledtrig-cpu: registered to indicate activity on CPUs
[    1.745014] NET: Registered protocol family 10
[    1.747537] NET: Registered protocol family 17
[    1.749476] Key type dns_resolver registered
[    1.752070] registered taskstats version 1
[    1.754072] Loading compiled-in X.509 certificates
[    1.756927] Loaded X.509 cert 'Build time autogenerated kernel key: 4dcb2dc2c7cf43e0c20c44384f68683c20294489'
[    1.760458] zswap: loaded using pool lzo/zbud
[    1.764817] Key type trusted registered
[    1.770672] Key type encrypted registered
[    1.772850] AppArmor: AppArmor sha1 policy hashing enabled
[    1.775039] ima: No TPM chip found, activating TPM-bypass!
[    1.777543] ima: Allocated hash algorithm: sha1
[    1.779140] evm: HMAC attrs: 0x1
[    1.780979]   Magic number: 7:943:787
[    1.782462] rtc_cmos rtc_cmos: setting system clock to 2019-06-03 14:47:56 UTC (1559573276)
[    1.786039] BIOS EDD facility v0.16 2004-Jun-25, 0 devices found
[    1.788268] EDD information not available.
[    1.847381] Freeing unused kernel memory: 1484K
[    1.850129] Write protecting the kernel read-only data: 14336k
[    1.854201] Freeing unused kernel memory: 1620K
[    1.857679] Freeing unused kernel memory: 68K
Loading, please wait...
starting version 229
[    1.877267] random: systemd-udevd: uninitialized urandom read (16 bytes read, 3 bits of entropy available)
[    1.878258] random: udevadm: uninitialized urandom read (16 bytes read, 3 bits of entropy available)
[    1.878283] random: udevadm: uninitialized urandom read (16 bytes read, 3 bits of entropy available)
[    1.888853] random: udevadm: uninitialized urandom read (16 bytes read, 3 bits of entropy available)
[    1.888928] random: udevadm: uninitialized urandom read (16 bytes read, 3 bits of entropy available)
[    1.889170] random: udevadm: uninitialized urandom read (16 bytes read, 3 bits of entropy available)
[    1.889259] random: udevadm: uninitialized urandom read (16 bytes read, 3 bits of entropy available)
[    1.889347] random: udevadm: uninitialized urandom read (16 bytes read, 3 bits of entropy available)
[    1.889406] random: udevadm: uninitialized urandom read (16 bytes read, 3 bits of entropy available)
[    1.889457] random: udevadm: uninitialized urandom read (16 bytes read, 3 bits of entropy available)
[    1.958340] Fusion MPT base driver 3.04.20
[    1.966442] Copyright (c) 1999-2008 LSI Corporation
[    1.970412] e1000: Intel(R) PRO/1000 Network Driver - version 7.3.21-k8-NAPI
[    1.975347] e1000: Copyright (c) 1999-2006 Intel Corporation.
[    2.001386] Fusion MPT SPI Host driver 3.04.20
[    2.025215] AVX2 version of gcm_enc/dec engaged.
[    2.027554] AES CTR mode by8 optimization enabled
[    2.209538] input: ImExPS/2 Generic Explorer Mouse as /devices/platform/i8042/serio1/input/input4
[    2.517357] tsc: Refined TSC clocksource calibration: 1600.037 MHz
[    2.518204] e1000 0000:00:03.0 eth0: (PCI:33MHz:32-bit) 02:3a:f4:24:e2:72
[    2.518211] e1000 0000:00:03.0 eth0: Intel(R) PRO/1000 Network Connection
[    2.529490] clocksource: tsc: mask: 0xffffffffffffffff max_cycles: 0x171047e96f7, max_idle_ns: 440795285530 ns
[    3.017452] e1000 0000:00:08.0 eth1: (PCI:33MHz:32-bit) 08:00:27:c0:a9:38
[    3.020060] e1000 0000:00:08.0 eth1: Intel(R) PRO/1000 Network Connection
[    3.023739] mptbase: ioc0: Initiating bringup
[    3.026902] e1000 0000:00:08.0 enp0s8: renamed from eth1
[    3.045711] e1000 0000:00:03.0 enp0s3: renamed from eth0
[    3.093889] ioc0: LSI53C1030 A0: Capabilities={Initiator}
[    3.260118] scsi host2: ioc0: LSI53C1030 A0, FwRev=00000000h, Ports=1, MaxQ=256, IRQ=20
[    3.374612] scsi 2:0:0:0: Direct-Access     VBOX     HARDDISK         1.0  PQ: 0 ANSI: 5
[    3.385857] scsi target2:0:0: Beginning Domain Validation
[    3.397737] scsi target2:0:0: Domain Validation skipping write tests
[    3.406282] scsi target2:0:0: Ending Domain Validation
[    3.424024] scsi target2:0:0: asynchronous
[    3.427024] scsi 2:0:1:0: Direct-Access     VBOX     HARDDISK         1.0  PQ: 0 ANSI: 5
[    3.431785] scsi target2:0:1: Beginning Domain Validation
[    3.436768] scsi target2:0:1: Domain Validation skipping write tests
[    3.439745] scsi target2:0:1: Ending Domain Validation
[    3.442198] scsi target2:0:1: asynchronous
[    3.455219] sd 2:0:0:0: [sda] 20971520 512-byte logical blocks: (10.7 GB/10.0 GiB)
[    3.455365] sd 2:0:0:0: Attached scsi generic sg0 type 0
[    3.461618] sd 2:0:1:0: [sdb] 20480 512-byte logical blocks: (10.5 MB/10.0 MiB)
[    3.462065] sd 2:0:1:0: [sdb] Write Protect is off
[    3.462317] sd 2:0:1:0: [sdb] Incomplete mode parameter data
[    3.462319] sd 2:0:1:0: [sdb] Assuming drive cache: write through
[    3.463843] sd 2:0:1:0: Attached scsi generic sg1 type 0
[    3.466123] sd 2:0:1:0: [sdb] Attached SCSI disk
[    3.479955] sd 2:0:0:0: [sda] Write Protect is off
[    3.482669] sd 2:0:0:0: [sda] Incomplete mode parameter data
[    3.485344] sd 2:0:0:0: [sda] Assuming drive cache: write through
[    3.490858]  sda: sda1
[    3.494018] sd 2:0:0:0: [sda] Attached SCSI disk
Begin: Loading essential drivers ... [    4.950902] md: linear personality registered for level -1
[    4.956522] md: multipath personality registered for level -4
[    4.962300] md: raid0 personality registered for level 0
[    4.969613] md: raid1 personality registered for level 1
[    5.044620] raid6: sse2x1   gen()  7521 MB/s
[    5.112921] raid6: sse2x1   xor()  5004 MB/s
[    5.181018] raid6: sse2x2   gen()  9093 MB/s
[    5.248761] raid6: sse2x2   xor()  6079 MB/s
[    5.317132] raid6: sse2x4   gen() 10784 MB/s
[    5.384585] raid6: sse2x4   xor()  8063 MB/s
[    5.452767] raid6: avx2x1   gen() 14630 MB/s
[    5.520709] raid6: avx2x2   gen() 17115 MB/s
[    5.588812] raid6: avx2x4   gen() 18742 MB/s
[    5.590831] raid6: using algorithm avx2x4 gen() 18742 MB/s
[    5.593444] raid6: using avx2x2 recovery algorithm
[    5.597714] xor: automatically using best checksumming function:
[    5.637016]    avx       : 30417.000 MB/sec
[    5.641838] async_tx: api initialized (async)
[    5.673988] md: raid6 personality registered for level 6
[    5.679232] md: raid5 personality registered for level 5
[    5.685524] md: raid4 personality registered for level 4
[    5.725780] md: raid10 personality registered for level 10
done.
Begin: Running /scripts/init-premount ... done.
Begin: Mounting root file system ... Begin: Running /scripts/local-top ... done.
Begin: Running /scripts/local-premount ... [    5.808293] Btrfs loaded
Scanning for Btrfs filesystems
done.
Warning: fsck not present, so skipping root file system
[    5.849987] EXT4-fs (sda1): mounted filesystem with ordered data mode. Opts: (null)
done.
Begin: Running /scripts/local-bottom ... done.
Begin: Running /scripts/init-bottom ... done.
[    5.959903] systemd[1]: systemd 229 running in system mode. (+PAM +AUDIT +SELINUX +IMA +APPARMOR +SMACK +SYSVINIT +UTMP +LIBCRYPTSETUP +GCRYPT +GNUTLS +ACL +XZ -LZ4 +SECCOMP +BLKID +ELFUTILS +KMOD -IDN)
[    5.968389] systemd[1]: Detected virtualization oracle.
[    5.970963] systemd[1]: Detected architecture x86-64.

Welcome to [1mUbuntu 16.04.6 LTS[0m!

[    5.981439] systemd[1]: Set hostname to <ubuntu>.
[    5.987691] systemd[1]: Initializing machine ID from random generator.
[    5.990850] systemd[1]: Installed transient /etc/machine-id file.
[    6.153000] systemd[1]: Reached target User and Group Name Lookups.
[[0;32m  OK  [0m] Reached target User and Group Name Lookups.
[    6.158756] systemd[1]: Started Trigger resolvconf update for networkd DNS.
[[0;32m  OK  [0m] Started Trigger resolvconf update for networkd DNS.
[    6.165482] systemd[1]: Created slice User and Session Slice.
[[0;32m  OK  [0m] Created slice User and Session Slice.
[    6.170825] systemd[1]: Started Forward Password Requests to Wall Directory Watch.
[[0;32m  OK  [0m] Started Forward Password Requests to Wall Directory Watch.
[    6.178264] systemd[1]: Created slice System Slice.
[[0;32m  OK  [0m] Created slice System Slice.
[    6.182943] systemd[1]: Listening on udev Kernel Socket.
[[0;32m  OK  [0m] Listening on udev Kernel Socket.
[    6.193642] systemd[1]: Set up automount Arbitrary Executable File Formats File System Automount Point.
[[0;32m  OK  [0m] Set up automount Arbitrary Executab...ats File System Automount Point.
[    6.202798] systemd[1]: Listening on udev Control Socket.
[[0;32m  OK  [0m] Listening on udev Control Socket.
[    6.207719] systemd[1]: Reached target Slices.
[[0;32m  OK  [0m] Reached target Slices.
[    6.211955] systemd[1]: Listening on LVM2 poll daemon socket.
[[0;32m  OK  [0m] Listening on LVM2 poll daemon socket.
[    6.225407] systemd[1]: Listening on Journal Socket (/dev/log).
[[0;32m  OK  [0m] Listening on Journal Socket (/dev/log).
[    6.230935] systemd[1]: Listening on LVM2 metadata daemon socket.
[[0;32m  OK  [0m] Listening on LVM2 metadata daemon socket.
[    6.236418] systemd[1]: Listening on Journal Audit Socket.
[[0;32m  OK  [0m] Listening on Journal Audit Socket.
[    6.241722] systemd[1]: Listening on /dev/initctl Compatibility Named Pipe.
[[0;32m  OK  [0m] Listening on /dev/initctl Compatibility Named Pipe.
[    6.248137] systemd[1]: Reached target System Time Synchronized.
[[0;32m  OK  [0m] Reached target System Time Synchronized.
[    6.253838] systemd[1]: Reached target Swap.
[[0;32m  OK  [0m] Reached target Swap.
[    6.257960] systemd[1]: Listening on Syslog Socket.
[[0;32m  OK  [0m] Listening on Syslog Socket.
[    6.262537] systemd[1]: Reached target Encrypted Volumes.
[[0;32m  OK  [0m] Reached target Encrypted Volumes.
[    6.267724] systemd[1]: Listening on Device-mapper event daemon FIFOs.
[[0;32m  OK  [0m] Listening on Device-mapper event daemon FIFOs.
[    6.273562] systemd[1]: Listening on Journal Socket.
[[0;32m  OK  [0m] Listening on Journal Socket.
[    6.293550] systemd[1]: Mounting POSIX Message Queue File System...
         Mounting POSIX Message Queue File System...
[    6.302153] systemd[1]: Starting Set console keymap...
         Starting Set console keymap...
[    6.308008] systemd[1]: Starting Load Kernel Modules...
         Starting Load Kernel Modules...
[    6.314637] systemd[1]: Starting Journal Service...
         Starting Journal Service...
[    6.320932] systemd[1]: Mounting Huge Pages File System...
         Mounting Huge Pages File System...
[    6.328006] systemd[1]: Starting Create list of required static device nodes for the current kernel...
         Starting Create list of required st... nodes for the current kernel...
[    6.342632] systemd[1]: Starting Remount Root and Kernel File Systems...
[    6.348032] EXT4-fs (sda1): re-mounted. Opts: (null)
         Starting Remount Root and Kernel File Systems...
[    6.353448] systemd[1]: Mounting Debug File System...
         Mounting Debug File System...
[    6.361639] systemd[1]: Starting Nameserver information manager...
         Starting Nameserver information manager...
[    6.367054] systemd[1]: Starting Monitoring of LVM2 mirrors, snapshots etc. using dmeventd or progress polling...
[    6.377077] Loading iSCSI transport class v2.0-870.
         Starting Monitoring of LVM2 mirrors... dmeventd or progress polling...
[    6.384295] systemd[1]: Starting Uncomplicated firewall...
         Starting Uncomplicated firewall...
[    6.391947] systemd[1]: Created slice system-serial\x2dgetty.slice.
[[0;32m  OK  [0m] Created slice system-serial\x2dgetty.slice.
[    6.399965] systemd[1]: Mounted POSIX Message Queue File System.
[[0;32m  OK  [0m] Mounted POSIX Message Queue File System.
[    6.405281] systemd[1]: Mounted Debug File System.
[[0;32m  OK  [0m] Mounted Debug File System.
[    6.409277] systemd[1]: Mounted Huge Pages File System.
[    6.411423] iscsi: registered transport (tcp)
[[0;32m  OK  [0m] Mounted Huge Pages File System.
[    6.420521] systemd[1]: Started Journal Service.
[[0;32m  OK  [0m] Started Journal Service.
[[0;32m  OK  [0m] Started Create list of required sta...ce nodes for the current kernel.
[[0;32m  OK  [0m] Started Remount Root and Kernel File Systems.
[[0;32m  OK  [0m] Started Set console keymap.
[[0;32m  OK  [0m] Started Uncomplicated firewall.
[[0;32m  OK  [0m] Started Nameserver information manager.
[    6.479741] iscsi: registered transport (iser)
[[0;32m  OK  [0m] Started Load Kernel Modules.
         Starting Apply Kernel Variables...
         Mounting FUSE Control File System...
[[0;32m  OK  [0m] Started LVM2 metadata daemon.
         Starting Load/Save Random Seed...
         Starting udev Coldplug all Devices...
         Starting Create Static Device Nodes in /dev...
         Starting Flush Journal to Persistent Storage...
[[0;32m  OK  [0m] Mounted FUSE Control File System.
[[0;32m  OK  [0m] Started Apply Kernel Variables.
[[0;32m  OK  [0m] Started Load/Save Random Seed.
[[0;32m  OK  [0m] Started Create Static Device Nodes in /dev.
[[0;32m  OK  [0m] Started Flush Journal to Persistent Storage.
         Starting udev Kernel Device Manager...
[[0;32m  OK  [0m] Started udev Coldplug all Devices.
[[0;32m  OK  [0m] Started udev Kernel Device Manager.
[[0;32m  OK  [0m] Started Dispatch Password Requests to Console Directory Watch.
[[0;32m  OK  [0m] Found device /dev/ttyS0.
[[0;32m  OK  [0m] Started Monitoring of LVM2 mirrors,...ng dmeventd or progress polling.
[[0;32m  OK  [0m] Reached target Local File Systems (Pre).
[[0;32m  OK  [0m] Reached target Local File Systems.
         Starting Create Volatile Files and Directories...
         Starting Set console font and keymap...
         Starting Initial cloud-init job (pre-networking)...
         Starting Commit a transient machine-id on disk...
         Starting Tell Plymouth To Write Out Runtime Data...
         Starting LSB: AppArmor initialization...
[[0;32m  OK  [0m] Started Create Volatile Files and Directories.
[[0;32m  OK  [0m] Started Tell Plymouth To Write Out Runtime Data.
[[0;32m  OK  [0m] Started Commit a transient machine-id on disk.
[[0;32m  OK  [0m] Listening on Load/Save RF Kill Switch Status /dev/rfkill Watch.
         Starting Update UTMP about System Boot/Shutdown...
[[0;32m  OK  [0m] Started Update UTMP about System Boot/Shutdown.
[[0;32m  OK  [0m] Started LSB: AppArmor initialization.
[    8.752722] cloud-init[533]: Cloud-init v. 18.5-45-g3554ffe8-0ubuntu1~16.04.1 running 'init-local' at Mon, 03 Jun 2019 14:48:03 +0000. Up 8.04 seconds.
[[0;32m  OK  [0m] Started Initial cloud-init job (pre-networking).
[[0;32m  OK  [0m] Reached target Network (Pre).
         Starting Raise network interfaces...
[[0;32m  OK  [0m] Started Set console font and keymap.
[[0;32m  OK  [0m] Created slice system-getty.slice.
[[0;32m  OK  [0m] Started Raise network interfaces.
         Starting Initial cloud-init job (metadata service crawler)...
[[0;32m  OK  [0m] Reached target Network.
[   10.416817] cloud-init[957]: Cloud-init v. 18.5-45-g3554ffe8-0ubuntu1~16.04.1 running 'init' at Mon, 03 Jun 2019 14:48:04 +0000. Up 9.58 seconds.
[   10.423031] cloud-init[957]: ci-info: ++++++++++++++++++++++++++++++++++++++Net device info+++++++++++++++++++++++++++++++++++++++
[   10.428728] cloud-init[957]: ci-info: +--------+-------+----------------------------+---------------+--------+-------------------+
[   10.434383] cloud-init[957]: ci-info: | Device |   Up  |          Address           |      Mask     | Scope  |     Hw-Address    |
[   10.439803] cloud-init[957]: ci-info: +--------+-------+----------------------------+---------------+--------+-------------------+
[   10.446238] cloud-init[957]: ci-info: | enp0s3 |  True |         10.0.2.15          | 255.255.255.0 | global | 02:3a:f4:24:e2:72 |
[   10.451955] cloud-init[957]: ci-info: | enp0s3 |  True | fe80::3a:f4ff:fe24:e272/64 |       .       |  link  | 02:3a:f4:24:e2:72 |
[   10.457338] cloud-init[957]: ci-info: | enp0s8 | False |             .              |       .       |   .    | 08:00:27:c0:a9:38 |
[   10.463079] cloud-init[957]: ci-info: |   lo   |  True |         127.0.0.1          |   255.0.0.0   |  host  |         .         |
[   10.468782] cloud-init[957]: ci-info: |   lo   |  True |          ::1/128           |       .       |  host  |         .         |
[   10.474312] cloud-init[957]: ci-info: +--------+-------+----------------------------+---------------+--------+-------------------+
[   10.479720] cloud-init[957]: ci-info: +++++++++++++++++++++++++++Route IPv4 info++++++++++++++++++++++++++++
[   10.484283] cloud-init[957]: ci-info: +-------+-------------+----------+---------------+-----------+-------+
[   10.488696] cloud-init[957]: ci-info: | Route | Destination | Gateway  |    Genmask    | Interface | Flags |
[   10.493657] cloud-init[957]: ci-info: +-------+-------------+----------+---------------+-----------+-------+
[   10.498524] cloud-init[957]: ci-info: |   0   |   0.0.0.0   | 10.0.2.2 |    0.0.0.0    |   enp0s3  |   UG  |
[   10.503366] cloud-init[957]: ci-info: |   1   |   10.0.2.0  | 0.0.0.0  | 255.255.255.0 |   enp0s3  |   U   |
[   10.508325] cloud-init[957]: ci-info: +-------+-------------+----------+---------------+-----------+-------+
[   10.513683] cloud-init[957]: ci-info: +++++++++++++++++++Route IPv6 info+++++++++++++++++++
[   10.518027] cloud-init[957]: ci-info: +-------+-------------+---------+-----------+-------+
[   10.522323] cloud-init[957]: ci-info: | Route | Destination | Gateway | Interface | Flags |
[   10.526656] cloud-init[957]: ci-info: +-------+-------------+---------+-----------+-------+
[   10.537002] cloud-init[957]: ci-info: |   0   |  fe80::/64  |    ::   |   enp0s3  |   U   |
[   10.541518] cloud-init[957]: ci-info: |   3   |   ff00::/8  |    ::   |   enp0s3  |   U   |
[   10.546636] cloud-init[957]: ci-info: +-------+-------------+---------+-----------+-------+
[   10.550771] cloud-init[957]: Generating public/private rsa key pair.
[   10.554336] cloud-init[957]: Your identification has been saved in /etc/ssh/ssh_host_rsa_key.
[   10.558652] cloud-init[957]: Your public key has been saved in /etc/ssh/ssh_host_rsa_key.pub.
[   10.573265] cloud-init[957]: The key fingerprint is:
[   10.576368] cloud-init[957]: SHA256:y+2n1aoOJ51BPjjAV+UJsvl5fuhfwoqaufe/NkhE1n8 root@ubuntu-xenial
[   10.581407] cloud-init[957]: The key's randomart image is:
[   10.584672] cloud-init[957]: +---[RSA 2048]----+
[   10.587499] cloud-init[957]: |        . o...   |
[   10.590338] cloud-init[957]: |     .   = oo..  |
[   10.593328] cloud-init[957]: |      o + .oo  . |
[   10.596098] cloud-init[957]: |       o = ..   E|
[   10.598966] cloud-init[957]: |        S *..   .|
[   10.601760] cloud-init[957]: |       . = *.+   |
[   10.604599] cloud-init[957]: |        = =.+.= .|
[   10.607466] cloud-init[957]: |         B.+o+oo |
[   10.610567] cloud-init[957]: |        ==*==++o |
[   10.613859] cloud-init[957]: +----[SHA256]-----+
[   10.616736] cloud-init[957]: Generating public/private dsa key pair.
[   10.619881] cloud-init[957]: Your identification has been saved in /etc/ssh/ssh_host_dsa_key.
[   10.624350] cloud-init[957]: Your public key has been saved in /etc/ssh/ssh_host_dsa_key.pub.
[   10.629612] cloud-init[957]: The key fingerprint is:
[   10.632171] cloud-init[957]: SHA256:MjCKjDYrX2D8Y1aVjShUTJO6aHGXDC3+pUawjFug+HY root@ubuntu-xenial
[   10.636807] cloud-init[957]: The key's randomart image is:
[   10.645089] cloud-init[957]: +---[DSA 1024]----+
[   10.653223] cloud-init[957]: |    .=+.         |
[   10.656669] cloud-init[957]: |  ..+ +o +       |
[   10.659397] cloud-init[957]: |.. =+B..+ .      |
[   10.662212] cloud-init[957]: |=oo.B+=..        |
[   10.665041] cloud-init[957]: |o==* =+oS        |
[   10.665513] cloud-init[957]: |..OoE.+o         |
[   10.667852] cloud-init[957]: |.+ .*.           |
[   10.668990] cloud-init[957]: |.. + .           |
[   10.671307] cloud-init[957]: |  .              |
[   10.672609] cloud-init[957]: +----[SHA256]-----+
[   10.674897] cloud-init[957]: Generating public/private ecdsa key pair.
[   10.676236] cloud-init[957]: Your identification has been saved in /etc/ssh/ssh_host_ecdsa_key.
[   10.679722] cloud-init[957]: Your public key has been saved in /etc/ssh/ssh_host_ecdsa_key.pub.
[   10.683305] cloud-init[957]: The key fingerprint is:
[[0;32m  OK  [0m[   10.687160] cloud-init[957]: SHA256:fYg69ew0NNPT3LaRu0NGG0uQS5XYfMAyXqBK3YGqJVE root@ubuntu-xenial
[   10.687824] cloud-init[957]: The key's randomart image is:
[   10.692236] cloud-init[957]: +---[ECDSA 256]---+
[   10.693570] cloud-init[957]: |       .E  .ooBo.|
[   10.695665] cloud-init[957]: |      .  ..oo*o+.|
[   10.696912] cloud-init[957]: |       ...o.o+o .|
[   10.699243] cloud-init[957]: |      ..o+ o.+ =.|
[   10.700549] cloud-init[957]: |       +S * + =o*|
[   10.702822] cloud-init[957]: |      .o + + . *+|
[   10.704187] cloud-init[957]: |      o   =   oo |
[   10.706361] cloud-init[957]: |       . o .   ..|
[   10.707560] cloud-init[957]: |          .    ..|
[   10.709555] cloud-init[957]: +----[SHA256]-----+
[   10.709742] cloud-init[957]: Generating public/private ed25519 key pair.
[   10.709912] cloud-init[957]: Your identification has been saved in /etc/ssh/ssh_host_ed25519_key.
[   10.710084] cloud-init[957]: Your public key has been saved in /etc/ssh/ssh_host_ed25519_key.pub.
[   10.710245] cloud-init[957]: The key fingerprint is:
[   10.710396] cloud-init[957]: SHA256:KtaIBTvy/74IrraFTAaLFntkCw0Bwwgoqm2oCCrcK4U root@ubuntu-xenial
] Started Initial cloud-init job (metadata service crawler).
[   10.710549] cloud-init[957]: The key's randomart image is:
[   10.729868] cloud-init[957]: +--[ED25519 256]--+
[   10.732522] cloud-init[957]: |Xo.              |
[   10.734938] cloud-init[957]: |+oo              |
[   10.737640] cloud-init[957]: |+o.+             |
[   10.738186] cloud-init[957]: |+.*o.            |
[   10.740677] cloud-init[957]: |=B+o.   S        |
[   10.741943] cloud-init[957]: |OE== o .         |
[   10.744275] cloud-init[957]: |*+*.+ o          |
[[0;32m  OK  [0m] Reached target Cloud-config availability.
[   10.744548] cloud-init[957]: |==.= o           |
[   10.750230] cloud-init[957]: |+o+.+o+.         |
[   10.752526] cloud-init[957]: +----[SHA256]-----+
[[0;32m  OK  [0m] Reached target System Initialization.
[[0;32m  OK  [0m] Started ACPI Events Check.
[[0;32m  OK  [0m] Reached target Paths.
         Starting LXD - unix socket.
[[0;32m  OK  [0m] Listening on ACPID Listen Socket.
[[0;32m  OK  [0m] Listening on D-Bus System Message Bus Socket.
[[0;32m  OK  [0m] Started Daily Cleanup of Temporary Directories.
[[0;32m  OK  [0m] Started Daily apt download activities.
[[0;32m  OK  [0m] Started Daily apt upgrade and clean activities.
[[0;32m  OK  [0m] Reached target Timers.
         Starting Socket activation for snappy daemon.
[[0;32m  OK  [0m] Listening on UUID daemon activation socket.
[[0;32m  OK  [0m] Reached target Network is Online.
         Starting iSCSI initiator daemon (iscsid)...
[[0;32m  OK  [0m] Listening on LXD - unix socket.
[[0;32m  OK  [0m] Listening on Socket activation for snappy daemon.
[[0;32m  OK  [0m] Started iSCSI initiator daemon (iscsid).
         Starting Login to default iSCSI targets...
[[0;32m  OK  [0m] Reached target Sockets.
[[0;32m  OK  [0m] Reached target Basic System.
[[0;32m  OK  [0m] Started FUSE filesystem for LXC.
[[0;32m  OK  [0m] Started Unattended Upgrades Shutdown.
         Starting /etc/rc.local Compatibility...
[[0;32m  OK  [0m] Started Deferred execution scheduler.
         Starting System Logging Service...
         Starting LSB: MD monitoring daemon...
         Starting Accounts Service...
         Starting Snappy daemon...
[[0;32m  OK  [0m] Started ACPI event daemon.
         Starting Pollinate to seed the pseudo random number generator...
[[0;32m  OK  [0m] Started Regular background program processing daemon.
         Starting Virtualbox guest utils...
         Starting Login Service...
[[0;32m  OK  [0m] Started D-Bus System Message Bus.
         Starting LSB: Record successful boot for GRUB...
         Starting LXD - container startup/shutdown...
[[0;32m  OK  [0m] Started System Logging Service.
[[0;32m  OK  [0m] Started /etc/rc.local Compatibility.
[[0;32m  OK  [0m] Started Login to default iSCSI targets.
[[0;32m  OK  [0m] Started LSB: MD monitoring daemon.
[[0;32m  OK  [0m] Started LXD - container startup/shutdown.
[[0;32m  OK  [0m] Started Login Service.
         Starting Authenticate and Authorize Users to Run Privileged Tasks...
[[0;32m  OK  [0m] Reached target Remote File Systems (Pre).
[[0;32m  OK  [0m] Reached target Remote File Systems.
         Starting Permit User Sessions...
         Starting LSB: automatic crash report generation...
         Starting LSB: Set the CPU Frequency Scaling governor to "ondemand"...
         Starting LSB: daemon to balance interrupts for SMP systems...
[[0;32m  OK  [0m] Started LSB: Record successful boot for GRUB.
[[0;32m  OK  [0m] Started Permit User Sessions.
[[0;32m  OK  [0m] Started Authenticate and Authorize Users to Run Privileged Tasks.
[[0;32m  OK  [0m] Started Snappy daemon.
[[0;32m  OK  [0m] Started Accounts Service.
         Starting Wait until snapd is fully seeded...
         Starting Terminate Plymouth Boot Screen...
         Starting Hold until boot process finishes up...
[[0;32m  OK  [0m] Started Virtualbox guest utils.
[[0;32m  OK  [0m] Started LSB: Set the CPU Frequency Scaling governor to "ondemand".
[[0;32m  OK  [0m] Started Terminate Plymouth Boot Screen.
[[0;32m  OK  [0m] Started LSB: daemon to balance interrupts for SMP systems.
[[0;32m  OK  [0m] Started LSB: automatic crash report generation.
[[0;32m  OK  [0m] Started Hold until boot process finishes up.
[[0;32m  OK  [0m] Started Serial Getty on ttyS0.
         Starting Set console scheme...
[[0;32m  OK  [0m] Started Getty on tty1.
[[0;32m  OK  [0m] Reached target Login Prompts.
[[0;32m  OK  [0m] Started Pollinate to seed the pseudo random number generator.
[[0;32m  OK  [0m] Started Set console scheme.
         Starting OpenBSD Secure Shell server...
[[0;32m  OK  [0m] Started OpenBSD Secure Shell server.
[[0;32m  OK  [0m] Created slice User Slice of vagrant.
         Starting User Manager for UID 1000...
[[0;32m  OK  [0m] Started Session 1 of user vagrant.
[[0;32m  OK  [0m] Started User Manager for UID 1000.
[[0;32m  OK  [0m] Started Wait until snapd is fully seeded.
[[0;32m  OK  [0m] Reached target Multi-User System.
[[0;32m  OK  [0m] Reached target Graphical Interface.
         Starting Update UTMP about System Runlevel Changes...
         Starting Apply the settings specified in cloud-config...
[[0;32m  OK  [0m] Started Update UTMP about System Runlevel Changes.
[   13.792166] cloud-init[1358]: Generating locales (this might take a while)...
         Stopping User Manager for UID 1000...
[[0;32m  OK  [0m] Stopped User Manager for UID 1000.
[[0;32m  OK  [0m] Removed slice User Slice of vagrant.
[[0;32m  OK  [0m] Created slice User Slice of vagrant.
[   15.528860] cloud-init[1358]:   en_US.UTF-8... done
[   15.533947] cloud-init[1358]: Generation complete.
         Starting User Manager for UID 1000...
[[0;32m  OK  [0m] Started Session 2 of user vagrant.
[[0;32m  OK  [0m] Started User Manager for UID 1000.
[   16.080942] cloud-init[1358]: Cloud-init v. 18.5-45-g3554ffe8-0ubuntu1~16.04.1 running 'modules:config' at Mon, 03 Jun 2019 14:48:08 +0000. Up 13.51 seconds.
[[0;32m  OK  [0m] Started Apply the settings specified in cloud-config.
         Starting Execute cloud user/final scripts...
ci-info: no authorized ssh keys fingerprints found for user ubuntu.
<14>Jun  3 14:48:11 ec2: 
<14>Jun  3 14:48:11 ec2: #############################################################
<14>Jun  3 14:48:11 ec2: -----BEGIN SSH HOST KEY FINGERPRINTS-----
<14>Jun  3 14:48:11 ec2: 1024 SHA256:MjCKjDYrX2D8Y1aVjShUTJO6aHGXDC3+pUawjFug+HY root@ubuntu-xenial (DSA)
<14>Jun  3 14:48:11 ec2: 256 SHA256:fYg69ew0NNPT3LaRu0NGG0uQS5XYfMAyXqBK3YGqJVE root@ubuntu-xenial (ECDSA)
<14>Jun  3 14:48:11 ec2: 256 SHA256:KtaIBTvy/74IrraFTAaLFntkCw0Bwwgoqm2oCCrcK4U root@ubuntu-xenial (ED25519)
<14>Jun  3 14:48:11 ec2: 2048 SHA256:y+2n1aoOJ51BPjjAV+UJsvl5fuhfwoqaufe/NkhE1n8 root@ubuntu-xenial (RSA)
<14>Jun  3 14:48:11 ec2: -----END SSH HOST KEY FINGERPRINTS-----
<14>Jun  3 14:48:11 ec2: #############################################################
-----BEGIN SSH HOST KEY KEYS-----
ecdsa-sha2-nistp256 AAAAE2VjZHNhLXNoYTItbmlzdHAyNTYAAAAIbmlzdHAyNTYAAABBBMhfhYBl9GCjBxmsADbXNFoLiusJGtJyezbAAbQVl1H3IrnYZ/toDbUK5/nWmafcFflcifGRE+JUcZ/zPqRRETE= root@ubuntu-xenial
ssh-ed25519 AAAAC3NzaC1lZDI1NTE5AAAAINchCNZ2gH3XYena6wO/f4GjPOKQR2/3i7C31a3ZL9vr root@ubuntu-xenial
ssh-rsa AAAAB3NzaC1yc2EAAAADAQABAAABAQDodhRKEdjh3LE9U6g90X+79C+3MXcyLKp9k617Fm3I9uqCugjXjhcR3mxqxVb0XaBxq8AbCGWCehpwgukhcudU9hy8XNSoew1Ng5aNcftAKYZgaMaT0GAeG3+O8tkI+SY2pHD9OaH7e75AlHKTfCfU4YI5YoHgpnK1AJM99fmChjLQjY+bNzkgdS/bApXqz2yPuJxy4IlW++179CKJcfeZU8X8vi/E2iTh4Da8vrMGjzr2s/+6a2SZf5H9ZY/Nh+v7ux46+EWAQdtWGmcgFugXjpjMt0hVwN8T77ucwiupJZ8CMbDefARMlcnMS0n7D2ubiEH+dJu8/Dbp14+ap3eZ root@ubuntu-xenial
-----END SSH HOST KEY KEYS-----
[   16.783195] cloud-init[1597]: Cloud-init v. 18.5-45-g3554ffe8-0ubuntu1~16.04.1 running 'modules:final' at Mon, 03 Jun 2019 14:48:11 +0000. Up 16.56 seconds.
[   16.783697] cloud-init[1597]: ci-info: no authorized ssh keys fingerprints found for user ubuntu.
[   16.783958] cloud-init[1597]: Cloud-init v. 18.5-45-g3554ffe8-0ubuntu1~16.04.1 finished at Mon, 03 Jun 2019 14:48:11 +0000. Datasource DataSourceNoCloud [seed=/dev/sdb][dsmode=net].  Up 16.76 seconds

Ubuntu 16.04.6 LTS ubuntu-xenial ttyS0

ubuntu-xenial login: 